{"C:\\GitHub\\assignment-sid\\src\\app.ts": {"path":"C:\\GitHub\\assignment-sid\\src\\app.ts","statementMap":{"0":{"start":{"line":1,"column":0},"end":{"line":1,"column":30}},"1":{"start":{"line":2,"column":0},"end":{"line":2,"column":41}},"2":{"start":{"line":4,"column":12},"end":{"line":4,"column":21}},"3":{"start":{"line":9,"column":0},"end":{"line":9,"column":42}},"4":{"start":{"line":10,"column":0},"end":{"line":10,"column":31}},"5":{"start":{"line":11,"column":0},"end":{"line":11,"column":24}},"6":{"start":{"line":12,"column":0},"end":{"line":12,"column":50}},"7":{"start":{"line":13,"column":0},"end":{"line":13,"column":50}},"8":{"start":{"line":15,"column":15},"end":{"line":22,"column":2}},"9":{"start":{"line":16,"column":4},"end":{"line":20,"column":6}},"10":{"start":{"line":21,"column":4},"end":{"line":21,"column":44}},"11":{"start":{"line":23,"column":0},"end":{"line":23,"column":22}}},"fnMap":{"0":{"name":"(anonymous_7)","decl":{"start":{"line":15,"column":43},"end":{"line":15,"column":null}},"loc":{"start":{"line":15,"column":43},"end":{"line":22,"column":1}}}},"branchMap":{"0":{"loc":{"start":{"line":9,"column":16},"end":{"line":9,"column":32}},"type":"binary-expr","locations":[{"start":{"line":9,"column":16},"end":{"line":9,"column":32}},{"start":{"line":9,"column":36},"end":{"line":9,"column":40}}]}},"s":{"0":1,"1":1,"2":1,"3":1,"4":1,"5":1,"6":1,"7":1,"8":1,"9":1,"10":1,"11":1},"f":{"0":1},"b":{"0":[1,1]}}
,"C:\\GitHub\\assignment-sid\\src\\home.ts": {"path":"C:\\GitHub\\assignment-sid\\src\\home.ts","statementMap":{"0":{"start":{"line":7,"column":13},"end":{"line":22,"column":2}},"1":{"start":{"line":8,"column":29},"end":{"line":8,"column":35}},"2":{"start":{"line":9,"column":30},"end":{"line":9,"column":35}},"3":{"start":{"line":11,"column":2},"end":{"line":11,"column":20}},"4":{"start":{"line":12,"column":2},"end":{"line":21,"column":null}},"5":{"start":{"line":13,"column":24},"end":{"line":13,"column":37}},"6":{"start":{"line":14,"column":22},"end":{"line":14,"column":45}},"7":{"start":{"line":15,"column":2},"end":{"line":15,"column":63}},"8":{"start":{"line":16,"column":2},"end":{"line":16,"column":62}},"9":{"start":{"line":17,"column":2},"end":{"line":17,"column":55}},"10":{"start":{"line":20,"column":5},"end":{"line":20,"column":74}},"11":{"start":{"line":28,"column":13},"end":{"line":48,"column":2}},"12":{"start":{"line":29,"column":30},"end":{"line":29,"column":31}},"13":{"start":{"line":30,"column":25},"end":{"line":30,"column":28}},"14":{"start":{"line":31,"column":2},"end":{"line":31,"column":20}},"15":{"start":{"line":32,"column":1},"end":{"line":47,"column":null}},"16":{"start":{"line":34,"column":24},"end":{"line":34,"column":37}},"17":{"start":{"line":35,"column":2},"end":{"line":35,"column":31}},"18":{"start":{"line":36,"column":22},"end":{"line":36,"column":45}},"19":{"start":{"line":37,"column":25},"end":{"line":37,"column":42}},"20":{"start":{"line":38,"column":2},"end":{"line":41,"column":44}},"21":{"start":{"line":42,"column":2},"end":{"line":42,"column":55}},"22":{"start":{"line":45,"column":5},"end":{"line":45,"column":38}},"23":{"start":{"line":46,"column":4},"end":{"line":46,"column":75}},"24":{"start":{"line":51,"column":24},"end":{"line":55,"column":4}},"25":{"start":{"line":56,"column":19},"end":{"line":56,"column":42}},"26":{"start":{"line":58,"column":2},"end":{"line":58,"column":56}},"27":{"start":{"line":59,"column":22},"end":{"line":59,"column":55}},"28":{"start":{"line":60,"column":2},"end":{"line":60,"column":38}},"29":{"start":{"line":61,"column":20},"end":{"line":61,"column":48}},"30":{"start":{"line":62,"column":2},"end":{"line":62,"column":62}},"31":{"start":{"line":63,"column":2},"end":{"line":63,"column":63}},"32":{"start":{"line":64,"column":2},"end":{"line":64,"column":24}},"33":{"start":{"line":65,"column":2},"end":{"line":65,"column":18}}},"fnMap":{"0":{"name":"(anonymous_0)","decl":{"start":{"line":7,"column":23},"end":{"line":7,"column":24}},"loc":{"start":{"line":7,"column":51},"end":{"line":22,"column":1}}},"1":{"name":"(anonymous_1)","decl":{"start":{"line":28,"column":23},"end":{"line":28,"column":24}},"loc":{"start":{"line":28,"column":51},"end":{"line":48,"column":1}}},"2":{"name":"extractStrData","decl":{"start":{"line":50,"column":9},"end":{"line":50,"column":23}},"loc":{"start":{"line":50,"column":39},"end":{"line":66,"column":1}}}},"branchMap":{},"s":{"0":1,"1":1,"2":1,"3":1,"4":1,"5":1,"6":1,"7":1,"8":1,"9":1,"10":0,"11":1,"12":2,"13":2,"14":2,"15":2,"16":2,"17":2,"18":2,"19":1,"20":1,"21":1,"22":1,"23":1,"24":3,"25":3,"26":2,"27":2,"28":2,"29":2,"30":2,"31":2,"32":2,"33":2},"f":{"0":1,"1":2,"2":3},"b":{}}
}
