TN:
SF:C:\GitHub\assignment-sid\src\app.ts
FN:15,(anonymous_7)
FNF:1
FNH:1
FNDA:1,(anonymous_7)
DA:1,1
DA:2,1
DA:4,1
DA:9,1
DA:10,1
DA:11,1
DA:12,1
DA:13,1
DA:15,1
DA:16,1
DA:21,1
DA:23,1
LF:12
LH:12
BRDA:9,0,0,1
BRDA:9,0,1,1
BRF:2
BRH:2
end_of_record
TN:
SF:C:\GitHub\assignment-sid\src\home.ts
FN:7,(anonymous_0)
FN:28,(anonymous_1)
FN:50,extractStrData
FNF:3
FNH:3
FNDA:1,(anonymous_0)
FNDA:2,(anonymous_1)
FNDA:3,extractStrData
DA:7,1
DA:8,1
DA:9,1
DA:11,1
DA:12,1
DA:13,1
DA:14,1
DA:15,1
DA:16,1
DA:17,1
DA:20,0
DA:28,1
DA:29,2
DA:30,2
DA:31,2
DA:32,2
DA:34,2
DA:35,2
DA:36,2
DA:37,1
DA:38,1
DA:42,1
DA:45,1
DA:46,1
DA:51,3
DA:56,3
DA:58,2
DA:59,2
DA:60,2
DA:61,2
DA:62,2
DA:63,2
DA:64,2
DA:65,2
LF:34
LH:33
BRF:0
BRH:0
end_of_record
